<?xml version="1.0" encoding="UTF-8"?>
<!-- Generated by org.testng.reporters.JUnitXMLReporter -->
<testsuite ignored="0" hostname="KADITPC062024-1" failures="0" tests="3" name="JavaScriptAlert" time="6.321" errors="0" timestamp="2024-09-11T15:08:17 IST">
  <testcase classname="sampleutil.JavaScriptAlert" name="testAlert" time="4.513"/>
  <testcase classname="sampleutil.JavaScriptAlert" name="testConfirmAlert" time="0.451"/>
  <testcase classname="sampleutil.JavaScriptAlert" name="testPromptAlert" time="0.414"/>
</testsuite> <!-- JavaScriptAlert -->
