<?xml version="1.0" encoding="UTF-8"?>
<!-- Generated by org.testng.reporters.JUnitXMLReporter -->
<testsuite ignored="0" hostname="KADITPC062024-1" failures="3" tests="3" name="Test" time="0.052" errors="0" timestamp="2024-09-05T14:11:38 IST">
  <testcase classname="Intro.User1" name="testUser1" time="0.0">
    <failure type="org.testng.TestNGException" message="
Method public void Intro.User1.testUser1(java.lang.String,java.lang.String,java.lang.String,boolean) requires a @DataProvider named : userData in class Intro.Datapro">
      <![CDATA[org.testng.TestNGException: 
Method public void Intro.User1.testUser1(java.lang.String,java.lang.String,java.lang.String,boolean) requires a @DataProvider named : userData in class Intro.Datapro
at java.base/java.util.ArrayList.forEach(ArrayList.java:1596)
... Removed 24 stack frames]]>
    </failure>
  </testcase> <!-- testUser1 -->
  <testcase classname="Intro.User2" name="testUser2" time="0.0">
    <failure type="org.testng.TestNGException" message="
Method public void Intro.User2.testUser2(java.lang.String,java.lang.String,java.lang.String,boolean) requires a @DataProvider named : userData in class Intro.Datapro">
      <![CDATA[org.testng.TestNGException: 
Method public void Intro.User2.testUser2(java.lang.String,java.lang.String,java.lang.String,boolean) requires a @DataProvider named : userData in class Intro.Datapro
at java.base/java.util.ArrayList.forEach(ArrayList.java:1596)
... Removed 24 stack frames]]>
    </failure>
  </testcase> <!-- testUser2 -->
  <testcase classname="Intro.User3" name="testUser3" time="0.0">
    <failure type="org.testng.TestNGException" message="
Method public void Intro.User3.testUser3(java.lang.String,java.lang.String,java.lang.String,boolean) requires a @DataProvider named : userData in class Intro.Datapro">
      <![CDATA[org.testng.TestNGException: 
Method public void Intro.User3.testUser3(java.lang.String,java.lang.String,java.lang.String,boolean) requires a @DataProvider named : userData in class Intro.Datapro
at java.base/java.util.ArrayList.forEach(ArrayList.java:1596)
... Removed 24 stack frames]]>
    </failure>
  </testcase> <!-- testUser3 -->
</testsuite> <!-- Test -->
