<?xml version="1.0" encoding="UTF-8"?>
<!-- Generated by org.testng.reporters.JUnitXMLReporter -->
<testsuite ignored="0" hostname="KADITPC062024-1" failures="0" tests="4" name="HRMSFireFoxTests" time="0.033" errors="0" timestamp="2024-09-30T12:28:50 IST">
  <testcase classname="uploadfile.OodoApplicationForm" name="uploadfiletest" time="0.0">
    <skipped/>
  </testcase> <!-- uploadfiletest -->
  <testcase classname="uploadfile.LoginHrms" name="adminLogin" time="0.0">
    <skipped/>
  </testcase> <!-- adminLogin -->
  <testcase classname="uploadfile.LoginHrms" name="adminLogin" time="0.0">
    <skipped/>
  </testcase> <!-- adminLogin -->
  <testcase classname="uploadfile.RecruitmentModuleTest" name="verifyApplicationInRecruitmentModule" time="0.0">
    <skipped/>
  </testcase> <!-- verifyApplicationInRecruitmentModule -->
</testsuite> <!-- HRMSFireFoxTests -->
