<?xml version="1.0" encoding="UTF-8"?>
<!-- Generated by org.testng.reporters.JUnitXMLReporter -->
<testsuite ignored="0" hostname="KADITPC062024-1" failures="0" tests="4" name="HRMSChromeTests" time="56.663" errors="0" timestamp="2024-10-03T13:13:30 IST">
  <testcase classname="uploadfile.OodoApplicationForm" name="uploadfiletest" time="8.668"/>
  <testcase classname="uploadfile.LoginHrms" name="adminLogin" time="7.722"/>
  <testcase classname="uploadfile.LoginHrms" name="adminLogin" time="12.469"/>
  <testcase classname="uploadfile.RecruitmentModuleTest" name="verifyApplicationInRecruitmentModule" time="5.979"/>
</testsuite> <!-- HRMSChromeTests -->
