<?xml version="1.0" encoding="UTF-8"?>
<testng-results ignored="0" total="4" passed="4" failed="0" skipped="0">
  <reporter-output>
  </reporter-output>
  <suite started-at="2024-10-03T13:12:33 IST" name="HRMSCrossBrowserTestSuite" finished-at="2024-10-03T13:13:30 IST" duration-ms="56663">
    <groups>
    </groups>
    <test started-at="2024-10-03T13:12:33 IST" name="HRMSChromeTests" finished-at="2024-10-03T13:13:30 IST" duration-ms="56663">
      <class name="uploadfile.LoginHrms">
        <test-method is-config="true" signature="setUp(java.lang.String)[pri:0, instance:uploadfile.LoginHrms@bcec361]" started-at="2024-10-03T13:12:51 IST" name="setUp" finished-at="2024-10-03T13:12:57 IST" duration-ms="5972" status="PASS">
          <params>
            <param index="0">
              <value>
                <![CDATA[Chrome]]>
              </value>
            </param>
          </params>
          <reporter-output>
          </reporter-output>
        </test-method> <!-- setUp -->
        <test-method signature="adminLogin()[pri:1, instance:uploadfile.LoginHrms@bcec361]" started-at="2024-10-03T13:12:57 IST" name="adminLogin" finished-at="2024-10-03T13:13:05 IST" depends-on-methods="uploadfiletest" duration-ms="7722" status="PASS">
          <reporter-output>
          </reporter-output>
        </test-method> <!-- adminLogin -->
        <test-method is-config="true" signature="tearDown()[pri:0, instance:uploadfile.LoginHrms@bcec361]" started-at="2024-10-03T13:13:05 IST" name="tearDown" finished-at="2024-10-03T13:13:05 IST" duration-ms="377" status="PASS">
          <reporter-output>
          </reporter-output>
        </test-method> <!-- tearDown -->
      </class> <!-- uploadfile.LoginHrms -->
      <class name="uploadfile.OodoApplicationForm">
        <test-method is-config="true" signature="setUp(java.lang.String)[pri:0, instance:uploadfile.OodoApplicationForm@198b6731]" started-at="2024-10-03T13:12:33 IST" name="setUp" finished-at="2024-10-03T13:12:40 IST" duration-ms="7118" status="PASS">
          <params>
            <param index="0">
              <value>
                <![CDATA[Chrome]]>
              </value>
            </param>
          </params>
          <reporter-output>
          </reporter-output>
        </test-method> <!-- setUp -->
        <test-method signature="uploadfiletest()[pri:0, instance:uploadfile.OodoApplicationForm@198b6731]" started-at="2024-10-03T13:12:40 IST" name="uploadfiletest" finished-at="2024-10-03T13:12:49 IST" duration-ms="8668" status="PASS">
          <reporter-output>
          </reporter-output>
        </test-method> <!-- uploadfiletest -->
        <test-method is-config="true" signature="tearDown()[pri:0, instance:uploadfile.OodoApplicationForm@198b6731]" started-at="2024-10-03T13:12:49 IST" name="tearDown" finished-at="2024-10-03T13:12:51 IST" duration-ms="2088" status="PASS">
          <reporter-output>
          </reporter-output>
        </test-method> <!-- tearDown -->
      </class> <!-- uploadfile.OodoApplicationForm -->
      <class name="uploadfile.RecruitmentModuleTest">
        <test-method is-config="true" signature="setUp(java.lang.String)[pri:0, instance:uploadfile.RecruitmentModuleTest@26794848]" started-at="2024-10-03T13:13:05 IST" name="setUp" finished-at="2024-10-03T13:13:11 IST" duration-ms="5773" status="PASS">
          <params>
            <param index="0">
              <value>
                <![CDATA[Chrome]]>
              </value>
            </param>
          </params>
          <reporter-output>
          </reporter-output>
        </test-method> <!-- setUp -->
        <test-method signature="adminLogin()[pri:1, instance:uploadfile.RecruitmentModuleTest@26794848]" started-at="2024-10-03T13:13:11 IST" name="adminLogin" finished-at="2024-10-03T13:13:24 IST" depends-on-methods="uploadfiletest" duration-ms="12469" status="PASS">
          <reporter-output>
          </reporter-output>
        </test-method> <!-- adminLogin -->
        <test-method signature="verifyApplicationInRecruitmentModule()[pri:2, instance:uploadfile.RecruitmentModuleTest@26794848]" started-at="2024-10-03T13:13:24 IST" name="verifyApplicationInRecruitmentModule" finished-at="2024-10-03T13:13:30 IST" depends-on-methods="uploadfile.LoginHrms.adminLogin" duration-ms="5979" status="PASS">
          <reporter-output>
          </reporter-output>
        </test-method> <!-- verifyApplicationInRecruitmentModule -->
        <test-method is-config="true" signature="tearDown()[pri:0, instance:uploadfile.RecruitmentModuleTest@26794848]" started-at="2024-10-03T13:13:30 IST" name="tearDown" finished-at="2024-10-03T13:13:30 IST" duration-ms="387" status="PASS">
          <reporter-output>
          </reporter-output>
        </test-method> <!-- tearDown -->
      </class> <!-- uploadfile.RecruitmentModuleTest -->
    </test> <!-- HRMSChromeTests -->
  </suite> <!-- HRMSCrossBrowserTestSuite -->
</testng-results>
